*** Starting uWSGI 2.0.18 (64bit) on [Sun Jun 14 16:42:33 2020] ***
compiled with version: 7.5.0 on 14 June 2020 13:39:12
os: Linux-5.3.0-53-generic #47~18.04.1-Ubuntu SMP Thu May 7 13:10:50 UTC 2020
nodename: user-X555UB
machine: x86_64
clock source: unix
pcre jit disabled
detected number of CPU cores: 4
current working directory: /home/user/PycharmProjects/toDo_api
writing pidfile to /tmp/project-master.pid
detected binary path: /home/user/PycharmProjects/toDo_api/venv/bin/uwsgi
chdir() to ${PWD}/
chdir(): No such file or directory [core/uwsgi.c line 2623]
*** Starting uWSGI 2.0.18 (64bit) on [Sun Jun 14 16:43:32 2020] ***
compiled with version: 7.5.0 on 14 June 2020 13:39:12
os: Linux-5.3.0-53-generic #47~18.04.1-Ubuntu SMP Thu May 7 13:10:50 UTC 2020
nodename: user-X555UB
machine: x86_64
clock source: unix
pcre jit disabled
detected number of CPU cores: 4
current working directory: /home/user/PycharmProjects/toDo_api
writing pidfile to /tmp/project-master.pid
detected binary path: /home/user/PycharmProjects/toDo_api/venv/bin/uwsgi
chdir() to ./
your processes number limit is 31241
your memory page size is 4096 bytes
detected max file descriptor number: 1048576
lock engine: pthread robust mutexes
thunder lock: disabled (you can enable it with --thunder-lock)
Python version: 3.6.9 (default, Apr 18 2020, 01:56:04)  [GCC 8.4.0]
*** Python threads support is disabled. You can enable it with --enable-threads ***
Python main interpreter initialized at 0x55bd060c9900
The -s/--socket option is missing and stdin is not a socket.
